{"level":"INFO","time":"2022-09-29T20:17:41.937+0800","caller":"core/zap.go:38","msg":"Init zap success"}
{"level":"INFO","time":"2022-09-29T20:27:04.234+0800","caller":"core/zap.go:38","msg":"Init zap success"}
{"level":"INFO","time":"2022-09-29T20:29:37.309+0800","caller":"core/zap.go:38","msg":"Init zap success"}
{"level":"INFO","time":"2022-09-29T20:49:19.832+0800","caller":"core/zap.go:38","msg":"Init zap success"}
{"level":"INFO","time":"2022-09-29T20:53:32.475+0800","caller":"core/zap.go:38","msg":"Init zap success"}
{"level":"INFO","time":"2022-09-29T20:58:06.780+0800","caller":"core/zap.go:38","msg":"Init zap success"}
{"level":"INFO","time":"2022-09-30T11:08:11.506+0800","caller":"core/zap.go:38","msg":"Init zap success"}
{"level":"INFO","time":"2022-09-30T11:12:10.854+0800","caller":"core/zap.go:38","msg":"Init zap success"}
{"level":"INFO","time":"2022-09-30T11:15:33.258+0800","caller":"core/zap.go:38","msg":"Init zap success"}
{"level":"INFO","time":"2022-09-30T11:17:26.864+0800","caller":"core/zap.go:38","msg":"Init zap success"}
{"level":"INFO","time":"2022-09-30T11:19:47.189+0800","caller":"core/zap.go:38","msg":"Init zap success"}
{"level":"INFO","time":"2022-09-30T11:25:10.537+0800","caller":"core/zap.go:38","msg":"Init zap success"}
{"level":"INFO","time":"2022-09-30T11:28:13.056+0800","caller":"core/zap.go:38","msg":"Init zap success"}
{"level":"INFO","time":"2022-09-30T11:30:57.728+0800","caller":"core/zap.go:38","msg":"Init zap success"}
{"level":"INFO","time":"2022-09-30T11:33:21.494+0800","caller":"core/zap.go:38","msg":"Init zap success"}
{"level":"INFO","time":"2022-09-30T11:36:26.143+0800","caller":"core/zap.go:38","msg":"Init zap success"}
{"level":"INFO","time":"2022-09-30T11:38:28.810+0800","caller":"core/zap.go:38","msg":"Init zap success"}
{"level":"INFO","time":"2022-09-30T11:43:36.767+0800","caller":"core/zap.go:38","msg":"Init zap success"}
{"level":"INFO","time":"2022-09-30T13:57:47.477+0800","caller":"core/zap.go:38","msg":"Init zap success"}
{"level":"INFO","time":"2022-09-30T13:59:52.962+0800","caller":"core/zap.go:38","msg":"Init zap success"}
{"level":"INFO","time":"2022-09-30T14:12:47.266+0800","caller":"core/zap.go:38","msg":"Init zap success"}
{"level":"INFO","time":"2022-09-30T14:14:29.810+0800","caller":"core/zap.go:38","msg":"Init zap success"}
{"level":"INFO","time":"2022-09-30T14:16:24.121+0800","caller":"core/zap.go:38","msg":"Init zap success"}
{"level":"INFO","time":"2022-09-30T14:23:30.255+0800","caller":"core/zap.go:38","msg":"Init zap success"}
{"level":"INFO","time":"2022-09-30T14:29:50.907+0800","caller":"core/zap.go:38","msg":"Init zap success"}
{"level":"INFO","time":"2022-09-30T16:57:00.593+0800","caller":"core/zap.go:38","msg":"Init zap success"}
{"level":"INFO","time":"2022-09-30T19:29:17.371+0800","caller":"core/zap.go:38","msg":"Init zap success"}
{"level":"INFO","time":"2022-09-30T19:40:16.338+0800","caller":"core/zap.go:38","msg":"Init zap success"}
{"level":"INFO","time":"2022-09-30T19:43:27.046+0800","caller":"core/zap.go:38","msg":"Init zap success"}
{"level":"INFO","time":"2022-09-30T19:52:27.959+0800","caller":"core/zap.go:38","msg":"Init zap success"}
{"level":"INFO","time":"2022-09-30T19:54:02.259+0800","caller":"core/zap.go:38","msg":"Init zap success"}
{"level":"INFO","time":"2022-09-30T19:55:50.440+0800","caller":"core/zap.go:38","msg":"Init zap success"}
{"level":"INFO","time":"2022-09-30T20:50:47.954+0800","caller":"core/zap.go:38","msg":"Init zap success"}
{"level":"INFO","time":"2022-09-30T21:05:09.897+0800","caller":"core/zap.go:38","msg":"Init zap success"}
{"level":"INFO","time":"2022-09-30T21:15:11.723+0800","caller":"core/zap.go:38","msg":"Init zap success"}
{"level":"INFO","time":"2022-09-30T21:18:12.421+0800","caller":"core/zap.go:38","msg":"Init zap success"}
{"level":"INFO","time":"2022-09-30T21:26:54.388+0800","caller":"core/zap.go:38","msg":"Init zap success"}
{"level":"INFO","time":"2022-09-30T21:32:16.149+0800","caller":"core/zap.go:38","msg":"Init zap success"}
{"level":"INFO","time":"2022-09-30T21:42:42.501+0800","caller":"core/zap.go:38","msg":"Init zap success"}
{"level":"INFO","time":"2022-09-30T21:44:56.307+0800","caller":"core/zap.go:38","msg":"Init zap success"}
{"level":"INFO","time":"2022-10-03T16:50:18.975+0800","caller":"core/zap.go:38","msg":"Init zap success"}
{"level":"INFO","time":"2022-10-03T16:53:13.704+0800","caller":"core/zap.go:38","msg":"Init zap success"}
{"level":"INFO","time":"2022-10-03T17:18:41.415+0800","caller":"core/zap.go:38","msg":"Init zap success"}
{"level":"INFO","time":"2022-10-03T17:21:05.679+0800","caller":"core/zap.go:38","msg":"Init zap success"}
{"level":"INFO","time":"2022-10-03T17:22:27.875+0800","caller":"core/zap.go:38","msg":"Init zap success"}
{"level":"INFO","time":"2022-10-03T17:23:51.737+0800","caller":"core/zap.go:38","msg":"Init zap success"}
{"level":"INFO","time":"2022-10-03T17:25:18.494+0800","caller":"core/zap.go:38","msg":"Init zap success"}
{"level":"INFO","time":"2022-10-03T17:26:32.463+0800","caller":"core/zap.go:38","msg":"Init zap success"}
{"level":"INFO","time":"2022-10-03T17:27:14.480+0800","caller":"core/zap.go:38","msg":"Init zap success"}
{"level":"INFO","time":"2022-10-03T17:32:17.149+0800","caller":"core/zap.go:38","msg":"Init zap success"}
{"level":"INFO","time":"2022-10-03T17:36:19.141+0800","caller":"core/zap.go:38","msg":"Init zap success"}
{"level":"INFO","time":"2022-10-03T17:36:44.196+0800","caller":"core/zap.go:38","msg":"Init zap success"}
{"level":"INFO","time":"2022-10-03T17:39:13.753+0800","caller":"core/zap.go:38","msg":"Init zap success"}
{"level":"INFO","time":"2022-10-03T17:41:19.038+0800","caller":"core/zap.go:38","msg":"Init zap success"}
{"level":"INFO","time":"2022-10-03T18:58:58.177+0800","caller":"core/zap.go:38","msg":"Init zap success"}
{"level":"INFO","time":"2022-10-03T20:15:06.956+0800","caller":"core/zap.go:38","msg":"Init zap success"}
{"level":"INFO","time":"2022-10-03T20:16:01.977+0800","caller":"core/zap.go:38","msg":"Init zap success"}
{"level":"INFO","time":"2022-10-03T20:38:03.459+0800","caller":"core/zap.go:38","msg":"Init zap success"}
{"level":"INFO","time":"2022-10-03T20:51:32.675+0800","caller":"core/zap.go:38","msg":"Init zap success"}
{"level":"INFO","time":"2022-10-03T21:04:27.651+0800","caller":"core/zap.go:38","msg":"Init zap success"}
{"level":"INFO","time":"2022-10-03T21:07:15.625+0800","caller":"core/zap.go:38","msg":"Init zap success"}
{"level":"INFO","time":"2022-10-03T21:08:09.816+0800","caller":"core/zap.go:38","msg":"Init zap success"}
{"level":"INFO","time":"2022-10-03T21:10:14.673+0800","caller":"core/zap.go:38","msg":"Init zap success"}
{"level":"INFO","time":"2022-10-03T21:12:19.766+0800","caller":"core/zap.go:38","msg":"Init zap success"}
{"level":"ERROR","time":"2022-10-03T21:20:28.357+0800","caller":"controller/admin.go:54","msg":"service register failed","error":"姓名格式有误"}
{"level":"ERROR","time":"2022-10-03T21:20:36.406+0800","caller":"controller/admin.go:54","msg":"service register failed","error":"姓名格式有误"}
{"level":"INFO","time":"2022-10-03T21:43:06.374+0800","caller":"core/zap.go:38","msg":"Init zap success"}
{"level":"INFO","time":"2022-10-03T21:46:33.079+0800","caller":"core/zap.go:38","msg":"Init zap success"}
{"level":"INFO","time":"2022-10-03T21:49:26.040+0800","caller":"core/zap.go:38","msg":"Init zap success"}
{"level":"INFO","time":"2022-10-03T21:57:17.171+0800","caller":"core/zap.go:38","msg":"Init zap success"}
{"level":"INFO","time":"2022-10-03T22:01:30.524+0800","caller":"core/zap.go:38","msg":"Init zap success"}
{"level":"INFO","time":"2022-10-03T22:03:39.222+0800","caller":"core/zap.go:38","msg":"Init zap success"}
{"level":"INFO","time":"2022-10-03T22:21:41.701+0800","caller":"core/zap.go:38","msg":"Init zap success"}
{"level":"INFO","time":"2022-10-03T22:29:14.856+0800","caller":"core/zap.go:38","msg":"Init zap success"}
{"level":"INFO","time":"2022-10-03T22:30:55.474+0800","caller":"core/zap.go:38","msg":"Init zap success"}
{"level":"INFO","time":"2022-10-04T10:32:13.718+0800","caller":"core/zap.go:38","msg":"Init zap success"}
{"level":"INFO","time":"2022-10-04T13:57:35.988+0800","caller":"core/zap.go:38","msg":"Init zap success"}
{"level":"INFO","time":"2022-10-04T13:59:46.477+0800","caller":"core/zap.go:38","msg":"Init zap success"}
{"level":"INFO","time":"2022-10-04T14:02:34.666+0800","caller":"core/zap.go:38","msg":"Init zap success"}
{"level":"INFO","time":"2022-10-04T14:05:22.277+0800","caller":"core/zap.go:38","msg":"Init zap success"}
{"level":"INFO","time":"2022-10-04T14:07:46.356+0800","caller":"core/zap.go:38","msg":"Init zap success"}
{"level":"INFO","time":"2022-10-04T14:09:49.566+0800","caller":"core/zap.go:38","msg":"Init zap success"}
{"level":"INFO","time":"2022-10-04T14:13:07.923+0800","caller":"core/zap.go:38","msg":"Init zap success"}
{"level":"INFO","time":"2022-10-04T14:14:58.317+0800","caller":"core/zap.go:38","msg":"Init zap success"}
{"level":"INFO","time":"2022-10-04T14:21:16.043+0800","caller":"core/zap.go:38","msg":"Init zap success"}
{"level":"INFO","time":"2022-10-04T14:45:30.168+0800","caller":"core/zap.go:38","msg":"Init zap success"}
{"level":"INFO","time":"2022-10-04T14:49:53.875+0800","caller":"core/zap.go:38","msg":"Init zap success"}
{"level":"INFO","time":"2022-10-04T14:53:59.780+0800","caller":"core/zap.go:38","msg":"Init zap success"}
{"level":"INFO","time":"2022-10-04T14:56:16.110+0800","caller":"core/zap.go:38","msg":"Init zap success"}
{"level":"INFO","time":"2022-10-04T14:58:01.447+0800","caller":"core/zap.go:38","msg":"Init zap success"}
{"level":"INFO","time":"2022-10-04T15:00:58.848+0800","caller":"core/zap.go:38","msg":"Init zap success"}
{"level":"INFO","time":"2022-10-04T15:02:50.532+0800","caller":"core/zap.go:38","msg":"Init zap success"}
{"level":"INFO","time":"2022-10-04T15:05:51.947+0800","caller":"core/zap.go:38","msg":"Init zap success"}
{"level":"INFO","time":"2022-10-04T21:09:19.134+0800","caller":"core/zap.go:38","msg":"Init zap success"}
{"level":"INFO","time":"2022-10-04T21:12:41.740+0800","caller":"core/zap.go:38","msg":"Init zap success"}
{"level":"INFO","time":"2022-10-04T21:14:39.402+0800","caller":"core/zap.go:38","msg":"Init zap success"}
{"level":"INFO","time":"2022-10-04T21:16:08.930+0800","caller":"core/zap.go:38","msg":"Init zap success"}
{"level":"INFO","time":"2022-10-04T21:27:24.943+0800","caller":"core/zap.go:38","msg":"Init zap success"}
{"level":"INFO","time":"2022-10-04T21:29:07.130+0800","caller":"core/zap.go:38","msg":"Init zap success"}
{"level":"INFO","time":"2022-10-04T22:09:11.958+0800","caller":"core/zap.go:38","msg":"Init zap success"}
{"level":"INFO","time":"2022-10-04T22:25:26.285+0800","caller":"core/zap.go:38","msg":"Init zap success"}
{"level":"INFO","time":"2022-10-05T10:17:11.586+0800","caller":"core/zap.go:38","msg":"Init zap success"}
{"level":"INFO","time":"2022-10-05T10:18:44.737+0800","caller":"core/zap.go:38","msg":"Init zap success"}
{"level":"INFO","time":"2022-10-05T10:22:06.883+0800","caller":"core/zap.go:38","msg":"Init zap success"}
{"level":"INFO","time":"2022-10-05T10:27:32.647+0800","caller":"core/zap.go:38","msg":"Init zap success"}
{"level":"INFO","time":"2022-10-05T10:31:03.970+0800","caller":"core/zap.go:38","msg":"Init zap success"}
{"level":"INFO","time":"2022-10-05T10:33:09.359+0800","caller":"core/zap.go:38","msg":"Init zap success"}
{"level":"INFO","time":"2022-10-05T10:35:52.751+0800","caller":"core/zap.go:38","msg":"Init zap success"}
{"level":"INFO","time":"2022-10-05T10:37:27.071+0800","caller":"core/zap.go:38","msg":"Init zap success"}
{"level":"INFO","time":"2022-10-05T10:39:03.759+0800","caller":"core/zap.go:38","msg":"Init zap success"}
{"level":"INFO","time":"2022-10-05T10:53:24.715+0800","caller":"core/zap.go:38","msg":"Init zap success"}
{"level":"INFO","time":"2022-10-05T11:05:04.122+0800","caller":"core/zap.go:38","msg":"Init zap success"}
{"level":"INFO","time":"2022-10-05T11:11:56.319+0800","caller":"core/zap.go:38","msg":"Init zap success"}
{"level":"INFO","time":"2022-10-05T11:13:45.186+0800","caller":"core/zap.go:38","msg":"Init zap success"}
{"level":"INFO","time":"2022-10-05T11:15:21.488+0800","caller":"core/zap.go:38","msg":"Init zap success"}
{"level":"INFO","time":"2022-10-05T14:05:18.503+0800","caller":"core/zap.go:38","msg":"Init zap success"}
{"level":"INFO","time":"2022-10-05T14:07:45.135+0800","caller":"core/zap.go:38","msg":"Init zap success"}
{"level":"INFO","time":"2022-10-05T14:15:18.498+0800","caller":"core/zap.go:38","msg":"Init zap success"}
{"level":"INFO","time":"2022-10-05T14:17:05.400+0800","caller":"core/zap.go:38","msg":"Init zap success"}
{"level":"INFO","time":"2022-10-05T14:23:58.273+0800","caller":"core/zap.go:38","msg":"Init zap success"}
{"level":"INFO","time":"2022-10-05T14:25:39.638+0800","caller":"core/zap.go:38","msg":"Init zap success"}
{"level":"INFO","time":"2022-10-05T14:27:30.588+0800","caller":"core/zap.go:38","msg":"Init zap success"}
{"level":"INFO","time":"2022-10-05T14:33:18.066+0800","caller":"core/zap.go:38","msg":"Init zap success"}
{"level":"INFO","time":"2022-10-05T14:35:00.516+0800","caller":"core/zap.go:38","msg":"Init zap success"}
{"level":"INFO","time":"2022-10-05T14:41:16.035+0800","caller":"core/zap.go:38","msg":"Init zap success"}
{"level":"INFO","time":"2022-10-05T14:42:59.255+0800","caller":"core/zap.go:38","msg":"Init zap success"}
{"level":"INFO","time":"2022-10-05T14:44:42.721+0800","caller":"core/zap.go:38","msg":"Init zap success"}
{"level":"INFO","time":"2022-10-05T14:49:56.068+0800","caller":"core/zap.go:38","msg":"Init zap success"}
{"level":"INFO","time":"2022-10-05T14:59:39.963+0800","caller":"core/zap.go:38","msg":"Init zap success"}
{"level":"INFO","time":"2022-10-05T15:02:30.155+0800","caller":"core/zap.go:38","msg":"Init zap success"}
{"level":"INFO","time":"2022-10-05T15:02:48.327+0800","caller":"core/zap.go:38","msg":"Init zap success"}
{"level":"INFO","time":"2022-10-05T15:07:25.285+0800","caller":"core/zap.go:38","msg":"Init zap success"}
{"level":"INFO","time":"2022-10-05T15:15:56.152+0800","caller":"core/zap.go:38","msg":"Init zap success"}
{"level":"INFO","time":"2022-10-05T15:18:05.052+0800","caller":"core/zap.go:38","msg":"Init zap success"}
{"level":"INFO","time":"2022-10-05T16:35:49.996+0800","caller":"core/zap.go:38","msg":"Init zap success"}
{"level":"ERROR","time":"2022-10-05T16:35:50.261+0800","caller":"dao/PostgreSQL.go:22","msg":"Postgres connect failed","error":"failed to connect to `host=10.10.0.104 user=postgres database=FIFA`: server error (致命错误: 没有用于主机 \"10.10.0.104\", 用户 \"postgres\", 数据库 \"FIFA\", no encryption 的 pg_hba.conf 记录 (SQLSTATE 28000))"}
{"level":"INFO","time":"2022-10-05T16:43:28.389+0800","caller":"core/zap.go:38","msg":"Init zap success"}
{"level":"ERROR","time":"2022-10-05T16:43:30.485+0800","caller":"dao/PostgreSQL.go:22","msg":"Postgres connect failed","error":"failed to connect to `host=182.125.151.249 user=postgres database=FIFA`: dial error (dial tcp 182.125.151.249:5432: connectex: No connection could be made because the target machine actively refused it.)"}
{"level":"INFO","time":"2022-10-06T09:20:56.590+0800","caller":"core/zap.go:38","msg":"Init zap success"}
{"level":"ERROR","time":"2022-10-06T09:20:57.003+0800","caller":"dao/PostgreSQL.go:22","msg":"Postgres connect failed","error":"failed to connect to `host=localhost user=postgres database=`: failed SASL auth (致命错误: 用户 \"postgres\" Password 认证失败 (SQLSTATE 28P01))"}
{"level":"INFO","time":"2022-10-06T09:21:57.862+0800","caller":"core/zap.go:38","msg":"Init zap success"}
{"level":"INFO","time":"2022-10-06T09:28:07.081+0800","caller":"core/zap.go:38","msg":"Init zap success"}
{"level":"INFO","time":"2022-10-06T09:29:08.363+0800","caller":"core/zap.go:38","msg":"Init zap success"}
{"level":"ERROR","time":"2022-10-06T09:29:08.485+0800","caller":"dao/PostgreSQL.go:22","msg":"Postgres connect failed","error":"failed to connect to `host=119.45.216.151 user=fifa database=`: server error (FATAL: role \"fifa\" does not exist (SQLSTATE 28000))"}
{"level":"INFO","time":"2022-10-06T09:29:42.084+0800","caller":"core/zap.go:38","msg":"Init zap success"}
{"level":"INFO","time":"2022-10-06T09:41:44.944+0800","caller":"core/zap.go:38","msg":"Init zap success"}
{"level":"INFO","time":"2022-10-06T09:45:59.707+0800","caller":"core/zap.go:38","msg":"Init zap success"}
{"level":"INFO","time":"2022-10-06T10:45:40.004+0800","caller":"core/zap.go:38","msg":"Init zap success"}
{"level":"ERROR","time":"2022-10-06T10:45:40.248+0800","caller":"dao/PostgreSQL.go:21","msg":"Postgres connect failed","error":"failed to connect to `host=127.0.0.1 user=postgres database=`: failed SASL auth (致命错误: 用户 \"postgres\" Password 认证失败 (SQLSTATE 28P01))"}
{"level":"INFO","time":"2022-10-06T10:46:02.602+0800","caller":"core/zap.go:38","msg":"Init zap success"}
{"level":"ERROR","time":"2022-10-06T10:46:02.964+0800","caller":"dao/PostgreSQL.go:21","msg":"Postgres connect failed","error":"failed to connect to `host=localhost user=postgres database=`: failed SASL auth (致命错误: 用户 \"postgres\" Password 认证失败 (SQLSTATE 28P01))"}
{"level":"INFO","time":"2022-10-06T10:46:26.870+0800","caller":"core/zap.go:38","msg":"Init zap success"}
{"level":"ERROR","time":"2022-10-06T10:46:27.361+0800","caller":"dao/PostgreSQL.go:21","msg":"Postgres connect failed","error":"failed to connect to `host=localhost user=postgres database=`: failed SASL auth (致命错误: 用户 \"postgres\" Password 认证失败 (SQLSTATE 28P01))"}
{"level":"INFO","time":"2022-10-06T10:47:04.517+0800","caller":"core/zap.go:38","msg":"Init zap success"}
